<?xml version="1.0" encoding="UTF-8"?>
<testng-results skipped="0" failed="0" ignored="0" total="1" passed="1">
  <reporter-output>
  </reporter-output>
  <suite name="Default suite" duration-ms="13107" started-at="2023-02-09T22:23:26 EST" finished-at="2023-02-09T22:23:39 EST">
    <groups>
    </groups>
    <test name="Default test" duration-ms="13107" started-at="2023-02-09T22:23:26 EST" finished-at="2023-02-09T22:23:39 EST">
      <class name="org.Mercury.tours.hardoded.HardCodedClass">
        <test-method status="PASS" signature="userRegistration()[pri:0, instance:org.Mercury.tours.hardoded.HardCodedClass@ed9d034]" name="userRegistration" duration-ms="13047" started-at="2023-02-09T22:23:26 EST" finished-at="2023-02-09T22:23:39 EST">
          <reporter-output>
          </reporter-output>
        </test-method> <!-- userRegistration -->
      </class> <!-- org.Mercury.tours.hardoded.HardCodedClass -->
    </test> <!-- Default test -->
  </suite> <!-- Default suite -->
</testng-results>
